all threads started exec
connected to admin 10.250.3.10:10005
yay! recvd something from admin: 1
yay! recvd something from admin: 6
1. CPU complex task (double) complete
final load avg: 0.81
final degree: 31
final voltage: 12.08
yay! recvd something from admin: 1
yay! recvd something from admin: 9
yay! recvd something from admin: 8
yay! recvd something from admin: 7
yay! recvd something from admin: 6
yay! recvd something from admin: 5
yay! recvd something from admin: 4
yay! recvd something from admin: 3
yay! recvd something from admin: 2
yay! recvd something from admin: 1
yay! recvd something from admin: 0
yay! recvd something from admin: 9
yay! recvd something from admin: 8
yay! recvd something from admin: 7
yay! recvd something from admin: 6
yay! recvd something from admin: 5
yay! recvd something from admin: 4
yay! recvd something from admin: 3
yay! recvd something from admin: 2
yay! recvd something from admin: 1
yay! recvd something from admin: 0
yay! recvd something from admin: 9
yay! recvd something from admin: 8
yay! recvd something from admin: 7
yay! recvd something from admin: 6
yay! recvd something from admin: 5
yay! recvd something from admin: 4
yay! recvd something from admin: 3
yay! recvd something from admin: 2
yay! recvd something from admin: 1
yay! recvd something from admin: 0
yay! recvd something from admin: 9
yay! recvd something from admin: 8
yay! recvd something from admin: 7
yay! recvd something from admin: 6
yay! recvd something from admin: 5
yay! recvd something from admin: 4
yay! recvd something from admin: 3
yay! recvd something from admin: 2
yay! recvd something from admin: 1
yay! recvd something from admin: 0
yay! recvd something from admin: 9
yay! recvd something from admin: 8
yay! recvd something from admin: 7
yay! recvd something from admin: 6
yay! recvd something from admin: 5
yay! recvd something from admin: 4
yay! recvd something from admin: 3
yay! recvd something from admin: 2
yay! recvd something from admin: 1
yay! recvd something from admin: 0
yay! recvd something from admin: 9
yay! recvd something from admin: 8
yay! recvd something from admin: 7
yay! recvd something from admin: 6
yay! recvd something from admin: 5
yay! recvd something from admin: 4
yay! recvd something from admin: 3
yay! recvd something from admin: 2
yay! recvd something from admin: 1
yay! recvd something from admin: 0
yay! recvd something from admin: 9
yay! recvd something from admin: 8
yay! recvd something from admin: 7
yay! recvd something from admin: 6
yay! recvd something from admin: 5
yay! recvd something from admin: 4
yay! recvd something from admin: 3
yay! recvd something from admin: 2
yay! recvd something from admin: 1
yay! recvd something from admin: 0
yay! recvd something from admin: 9
yay! recvd something from admin: 8
yay! recvd something from admin: 7
yay! recvd something from admin: 6
yay! recvd something from admin: 5
yay! recvd something from admin: 4
yay! recvd something from admin: 3
yay! recvd something from admin: 2
yay! recvd something from admin: 1
yay! recvd something from admin: 0
yay! recvd something from admin: 9
yay! recvd something from admin: 8
yay! recvd something from admin: 7
yay! recvd something from admin: 6
yay! recvd something from admin: 5
yay! recvd something from admin: 4
yay! recvd something from admin: 3
yay! recvd something from admin: 2
yay! recvd something from admin: 1
yay! recvd something from admin: 0
yay! recvd something from admin: 9
yay! recvd something from admin: 8
yay! recvd something from admin: 7
yay! recvd something from admin: 6
yay! recvd something from admin: 5
yay! recvd something from admin: 4
yay! recvd something from admin: 3
yay! recvd something from admin: 2
yay! recvd something from admin: 1
yay! recvd something from admin: 0
yay! recvd something from admin: 9
yay! recvd something from admin: 8
yay! recvd something from admin: 7
yay! recvd something from admin: 6
yay! recvd something from admin: 5
yay! recvd something from admin: 4
yay! recvd something from admin: 3
yay! recvd something from admin: 2
yay! recvd something from admin: 1
yay! recvd something from admin: 0
yay! recvd something from admin: 9
yay! recvd something from admin: 8
yay! recvd something from admin: 7
yay! recvd something from admin: 6
yay! recvd something from admin: 5
yay! recvd something from admin: 4
yay! recvd something from admin: 3
yay! recvd something from admin: 2
yay! recvd something from admin: 1
yay! recvd something from admin: 0
yay! recvd something from admin: 9
yay! recvd something from admin: 8
yay! recvd something from admin: 7
yay! recvd something from admin: 6
yay! recvd something from admin: 5
yay! recvd something from admin: 4
yay! recvd something from admin: 3
yay! recvd something from admin: 2
yay! recvd something from admin: 1
yay! recvd something from admin: 0
yay! recvd something from admin: 9
yay! recvd something from admin: 8
yay! recvd something from admin: 7
yay! recvd something from admin: 6
yay! recvd something from admin: 5
yay! recvd something from admin: 4
yay! recvd something from admin: 3
yay! recvd something from admin: 2
yay! recvd something from admin: 1
yay! recvd something from admin: 0
yay! recvd something from admin: 9
yay! recvd something from admin: 8
yay! recvd something from admin: 7
yay! recvd something from admin: 6
yay! recvd something from admin: 5
yay! recvd something from admin: 4
yay! recvd something from admin: 3
yay! recvd something from admin: 2
yay! recvd something from admin: 1
yay! recvd something from admin: 0
yay! recvd something from admin: 9
yay! recvd something from admin: 8
yay! recvd something from admin: 7
yay! recvd something from admin: 6
yay! recvd something from admin: 5
yay! recvd something from admin: 4
yay! recvd something from admin: 3
yay! recvd something from admin: 2
yay! recvd something from admin: 1
yay! recvd something from admin: 0
yay! recvd something from admin: 9
yay! recvd something from admin: 8
yay! recvd something from admin: 7
yay! recvd something from admin: 6
yay! recvd something from admin: 5
yay! recvd something from admin: 4
yay! recvd something from admin: 3
yay! recvd something from admin: 2
yay! recvd something from admin: 1
yay! recvd something from admin: 0
yay! recvd something from admin: 9
yay! recvd something from admin: 8
yay! recvd something from admin: 7
yay! recvd something from admin: 6
yay! recvd something from admin: 5
yay! recvd something from admin: 4
yay! recvd something from admin: 3
yay! recvd something from admin: 2
yay! recvd something from admin: 1
yay! recvd something from admin: 0
yay! recvd something from admin: 9
yay! recvd something from admin: 8
yay! recvd something from admin: 7
yay! recvd something from admin: 6
yay! recvd something from admin: 5
yay! recvd something from admin: 4
yay! recvd something from admin: 3
yay! recvd something from admin: 2
yay! recvd something from admin: 1
yay! recvd something from admin: 0
yay! recvd something from admin: 9
yay! recvd something from admin: 8
yay! recvd something from admin: 7
yay! recvd something from admin: 6
yay! recvd something from admin: 5
yay! recvd something from admin: 4
yay! recvd something from admin: 3
yay! recvd something from admin: 2
yay! recvd something from admin: 1
yay! recvd something from admin: 0
yay! recvd something from admin: 9
yay! recvd something from admin: 8
yay! recvd something from admin: 7
yay! recvd something from admin: 6
yay! recvd something from admin: 5
yay! recvd something from admin: 4
yay! recvd something from admin: 3
yay! recvd something from admin: 2
yay! recvd something from admin: 1
yay! recvd something from admin: 0
yay! recvd something from admin: 9
yay! recvd something from admin: 8
yay! recvd something from admin: 7
yay! recvd something from admin: 6
yay! recvd something from admin: 5
yay! recvd something from admin: 4
yay! recvd something from admin: 3
yay! recvd something from admin: 2
yay! recvd something from admin: 1
yay! recvd something from admin: 0
yay! recvd something from admin: 9
yay! recvd something from admin: 8
yay! recvd something from admin: 7
yay! recvd something from admin: 6
yay! recvd something from admin: 5
yay! recvd something from admin: 4
yay! recvd something from admin: 3
yay! recvd something from admin: 2
yay! recvd something from admin: 1
yay! recvd something from admin: 0
yay! recvd something from admin: 9
yay! recvd something from admin: 8
yay! recvd something from admin: 7
yay! recvd something from admin: 6
yay! recvd something from admin: 5
yay! recvd something from admin: 4
yay! recvd something from admin: 3
yay! recvd something from admin: 2
yay! recvd something from admin: 1
yay! recvd something from admin: 0
yay! recvd something from admin: 9
yay! recvd something from admin: 8
yay! recvd something from admin: 7
yay! recvd something from admin: 6
yay! recvd something from admin: 5
yay! recvd something from admin: 4
yay! recvd something from admin: 3
yay! recvd something from admin: 2
yay! recvd something from admin: 1
yay! recvd something from admin: 0
yay! recvd something from admin: 9
yay! recvd something from admin: 8
yay! recvd something from admin: 7
yay! recvd something from admin: 6
yay! recvd something from admin: 5
yay! recvd something from admin: 4
yay! recvd something from admin: 3
yay! recvd something from admin: 2
yay! recvd something from admin: 1
yay! recvd something from admin: 0
yay! recvd something from admin: 9
yay! recvd something from admin: 8
yay! recvd something from admin: 7
yay! recvd something from admin: 6
yay! recvd something from admin: 5
yay! recvd something from admin: 4
yay! recvd something from admin: 3
yay! recvd something from admin: 2
yay! recvd something from admin: 1
yay! recvd something from admin: 0
yay! recvd something from admin: 9
yay! recvd something from admin: 8
yay! recvd something from admin: 7
yay! recvd something from admin: 6
yay! recvd something from admin: 5
yay! recvd something from admin: 4
yay! recvd something from admin: 3
yay! recvd something from admin: 2
yay! recvd something from admin: 1
yay! recvd something from admin: 0
yay! recvd something from admin: 9
yay! recvd something from admin: 8
yay! recvd something from admin: 7
yay! recvd something from admin: 6
yay! recvd something from admin: 5
yay! recvd something from admin: 4
yay! recvd something from admin: 3
yay! recvd something from admin: 2
yay! recvd something from admin: 1
yay! recvd something from admin: 0
yay! recvd something from admin: 9
yay! recvd something from admin: 8
yay! recvd something from admin: 7
yay! recvd something from admin: 6
yay! recvd something from admin: 5
yay! recvd something from admin: 4
yay! recvd something from admin: 3
yay! recvd something from admin: 2
yay! recvd something from admin: 1
yay! recvd something from admin: 0
yay! recvd something from admin: 9
yay! recvd something from admin: 8
yay! recvd something from admin: 7
yay! recvd something from admin: 6
yay! recvd something from admin: 5
yay! recvd something from admin: 4
yay! recvd something from admin: 3
yay! recvd something from admin: 2
yay! recvd something from admin: 1
yay! recvd something from admin: 0
yay! recvd something from admin: 9
yay! recvd something from admin: 8
yay! recvd something from admin: 7
yay! recvd something from admin: 6
yay! recvd something from admin: 5
yay! recvd something from admin: 4
yay! recvd something from admin: 3
yay! recvd something from admin: 2
yay! recvd something from admin: 1
yay! recvd something from admin: 0
yay! recvd something from admin: 9
yay! recvd something from admin: 8
yay! recvd something from admin: 7
yay! recvd something from admin: 6
yay! recvd something from admin: 5
yay! recvd something from admin: 4
yay! recvd something from admin: 3
yay! recvd something from admin: 2
yay! recvd something from admin: 1
yay! recvd something from admin: 0
yay! recvd something from admin: 9
yay! recvd something from admin: 8
yay! recvd something from admin: 7
yay! recvd something from admin: 6
yay! recvd something from admin: 5
yay! recvd something from admin: 4
yay! recvd something from admin: 3
yay! recvd something from admin: 2
yay! recvd something from admin: 1
yay! recvd something from admin: 0
yay! recvd something from admin: 9
yay! recvd something from admin: 8
yay! recvd something from admin: 7
yay! recvd something from admin: 6
yay! recvd something from admin: 5
yay! recvd something from admin: 4
yay! recvd something from admin: 3
yay! recvd something from admin: 2
yay! recvd something from admin: 1
yay! recvd something from admin: 0
yay! recvd something from admin: 9
yay! recvd something from admin: 8
yay! recvd something from admin: 7
yay! recvd something from admin: 6
yay! recvd something from admin: 5
yay! recvd something from admin: 4
yay! recvd something from admin: 3
yay! recvd something from admin: 2
yay! recvd something from admin: 1
yay! recvd something from admin: 0
yay! recvd something from admin: 9
yay! recvd something from admin: 8
yay! recvd something from admin: 7
yay! recvd something from admin: 6
yay! recvd something from admin: 5
yay! recvd something from admin: 4
yay! recvd something from admin: 3
yay! recvd something from admin: 2
yay! recvd something from admin: 1
yay! recvd something from admin: 0
yay! recvd something from admin: 9
yay! recvd something from admin: 8
yay! recvd something from admin: 7
yay! recvd something from admin: 6
yay! recvd something from admin: 5
yay! recvd something from admin: 4
yay! recvd something from admin: 3
yay! recvd something from admin: 2
yay! recvd something from admin: 1
yay! recvd something from admin: 0
yay! recvd something from admin: 9
yay! recvd something from admin: 8
yay! recvd something from admin: 7
yay! recvd something from admin: 6
yay! recvd something from admin: 5
yay! recvd something from admin: 4
yay! recvd something from admin: 3
yay! recvd something from admin: 2
yay! recvd something from admin: 1
yay! recvd something from admin: 0
yay! recvd something from admin: 9
yay! recvd something from admin: 8
yay! recvd something from admin: 7
yay! recvd something from admin: 6
yay! recvd something from admin: 5
yay! recvd something from admin: 4
yay! recvd something from admin: 3
yay! recvd something from admin: 2
yay! recvd something from admin: 1
yay! recvd something from admin: 0
yay! recvd something from admin: 9
yay! recvd something from admin: 8
yay! recvd something from admin: 7
yay! recvd something from admin: 6
yay! recvd something from admin: 5
yay! recvd something from admin: 4
yay! recvd something from admin: 3
yay! recvd something from admin: 2
yay! recvd something from admin: 1
yay! recvd something from admin: 0
yay! recvd something from admin: 9
yay! recvd something from admin: 8
yay! recvd something from admin: 7
yay! recvd something from admin: 6
yay! recvd something from admin: 5
yay! recvd something from admin: 4
yay! recvd something from admin: 3
yay! recvd something from admin: 2
yay! recvd something from admin: 1
yay! recvd something from admin: 0
yay! recvd something from admin: 9
yay! recvd something from admin: 8
yay! recvd something from admin: 7
yay! recvd something from admin: 6
yay! recvd something from admin: 5
yay! recvd something from admin: 4
yay! recvd something from admin: 3
yay! recvd something from admin: 2
yay! recvd something from admin: 1
yay! recvd something from admin: 0
yay! recvd something from admin: 9
yay! recvd something from admin: 8
yay! recvd something from admin: 7
yay! recvd something from admin: 6
yay! recvd something from admin: 5
yay! recvd something from admin: 4
yay! recvd something from admin: 3
yay! recvd something from admin: 2
yay! recvd something from admin: 1
yay! recvd something from admin: 0
yay! recvd something from admin: 9
yay! recvd something from admin: 8
yay! recvd something from admin: 7
yay! recvd something from admin: 6
yay! recvd something from admin: 5
yay! recvd something from admin: 4
yay! recvd something from admin: 3
yay! recvd something from admin: 2
yay! recvd something from admin: 1
yay! recvd something from admin: 0
yay! recvd something from admin: 9
yay! recvd something from admin: 8
yay! recvd something from admin: 7
yay! recvd something from admin: 6
yay! recvd something from admin: 5
yay! recvd something from admin: 4
yay! recvd something from admin: 3
yay! recvd something from admin: 2
yay! recvd something from admin: 1
yay! recvd something from admin: 0
yay! recvd something from admin: 9
yay! recvd something from admin: 8
yay! recvd something from admin: 7
yay! recvd something from admin: 6
yay! recvd something from admin: 5
yay! recvd something from admin: 4
yay! recvd something from admin: 3
yay! recvd something from admin: 2
yay! recvd something from admin: 1
yay! recvd something from admin: 0
yay! recvd something from admin: 9
yay! recvd something from admin: 8
yay! recvd something from admin: 7
yay! recvd something from admin: 6
yay! recvd something from admin: 5
yay! recvd something from admin: 4
yay! recvd something from admin: 3
yay! recvd something from admin: 2
yay! recvd something from admin: 1
yay! recvd something from admin: 0
yay! recvd something from admin: 9
yay! recvd something from admin: 8
yay! recvd something from admin: 7
yay! recvd something from admin: 6
yay! recvd something from admin: 5
yay! recvd something from admin: 4
yay! recvd something from admin: 3
yay! recvd something from admin: 2
yay! recvd something from admin: 1
yay! recvd something from admin: 0
yay! recvd something from admin: 9
yay! recvd something from admin: 8
yay! recvd something from admin: 7
yay! recvd something from admin: 6
yay! recvd something from admin: 5
yay! recvd something from admin: 4
yay! recvd something from admin: 3
yay! recvd something from admin: 2
yay! recvd something from admin: 1
yay! recvd something from admin: 0
yay! recvd something from admin: 9
yay! recvd something from admin: 8
yay! recvd something from admin: 7
yay! recvd something from admin: 6
yay! recvd something from admin: 5
yay! recvd something from admin: 4
yay! recvd something from admin: 3
yay! recvd something from admin: 2
yay! recvd something from admin: 1
yay! recvd something from admin: 0
yay! recvd something from admin: 9
yay! recvd something from admin: 8
yay! recvd something from admin: 7
yay! recvd something from admin: 6
yay! recvd something from admin: 5
yay! recvd something from admin: 4
yay! recvd something from admin: 3
yay! recvd something from admin: 2
yay! recvd something from admin: 1
yay! recvd something from admin: 0
yay! recvd something from admin: 9
yay! recvd something from admin: 8
yay! recvd something from admin: 7
yay! recvd something from admin: 6
yay! recvd something from admin: 5
yay! recvd something from admin: 4
yay! recvd something from admin: 3
yay! recvd something from admin: 2
yay! recvd something from admin: 1
yay! recvd something from admin: 0
yay! recvd something from admin: 9
yay! recvd something from admin: 8
yay! recvd something from admin: 7
yay! recvd something from admin: 6
yay! recvd something from admin: 5
yay! recvd something from admin: 4
yay! recvd something from admin: 3
yay! recvd something from admin: 2
yay! recvd something from admin: 1
yay! recvd something from admin: 0
yay! recvd something from admin: 9
yay! recvd something from admin: 8
yay! recvd something from admin: 7
yay! recvd something from admin: 6
yay! recvd something from admin: 5
yay! recvd something from admin: 4
yay! recvd something from admin: 3
yay! recvd something from admin: 2
yay! recvd something from admin: 1
yay! recvd something from admin: 0
yay! recvd something from admin: 9
yay! recvd something from admin: 8
yay! recvd something from admin: 7
