all threads started exec
connected to admin 10.250.3.10:10007
yay! recvd something from admin: 4
4. CPU task (simple print) complete
final load avg: 1.16667
final degree: 32
final voltage: 11.96
yay! recvd something from admin: 2
2. CPU simple task (double) complete
final load avg: 1.16667
final degree: 32
final voltage: 11.96
yay! recvd something from admin: 1
1. CPU complex task (double) complete
final load avg: 1.16667
final degree: 32
final voltage: 11.96
yay! recvd something from admin: 0
10. IO simple task (write to file) complete
yay! recvd something from admin: 9
final load avg: 1.16667
final degree: 32
final voltage: 11.96
9. IO complex task (write to file) complete
final load avg: 1.16667
final degree: 32
final voltage: 11.96
yay! recvd something from admin: 8
8. IO medium task (write to file) complete
final load avg: 1.16667
final degree: 32
final voltage: 11.96
yay! recvd something from admin: 7
yay! recvd something from admin: 6
yay! recvd something from admin: 5
yay! recvd something from admin: 4
yay! recvd something from admin: 3
yay! recvd something from admin: 2
yay! recvd something from admin: 1
yay! recvd something from admin: 0
yay! recvd something from admin: 9
yay! recvd something from admin: 8
yay! recvd something from admin: 7
yay! recvd something from admin: 6
yay! recvd something from admin: 5
yay! recvd something from admin: 4
yay! recvd something from admin: 3
yay! recvd something from admin: 2
yay! recvd something from admin: 1
yay! recvd something from admin: 0
yay! recvd something from admin: 9
yay! recvd something from admin: 8
yay! recvd something from admin: 7
yay! recvd something from admin: 6
yay! recvd something from admin: 5
yay! recvd something from admin: 4
yay! recvd something from admin: 3
yay! recvd something from admin: 2
yay! recvd something from admin: 1
yay! recvd something from admin: 0
yay! recvd something from admin: 9
yay! recvd something from admin: 8
yay! recvd something from admin: 7
yay! recvd something from admin: 6
yay! recvd something from admin: 5
yay! recvd something from admin: 4
yay! recvd something from admin: 3
yay! recvd something from admin: 2
yay! recvd something from admin: 1
yay! recvd something from admin: 0
yay! recvd something from admin: 9
yay! recvd something from admin: 8
yay! recvd something from admin: 7
yay! recvd something from admin: 6
yay! recvd something from admin: 5
yay! recvd something from admin: 4
7a. IO medium task (write to file) complete
7b. CPU complex task complete
final load avg: 1.47667
final degree: 36
final voltage: 11.96
yay! recvd something from admin: 3
yay! recvd something from admin: 2
yay! recvd something from admin: 1
yay! recvd something from admin: 0
yay! recvd something from admin: 9
yay! recvd something from admin: 8
yay! recvd something from admin: 7
yay! recvd something from admin: 6
yay! recvd something from admin: 5
yay! recvd something from admin: 4
yay! recvd something from admin: 3
yay! recvd something from admin: 2
yay! recvd something from admin: 1
yay! recvd something from admin: 0
yay! recvd something from admin: 9
yay! recvd something from admin: 8
yay! recvd something from admin: 7
yay! recvd something from admin: 6
yay! recvd something from admin: 5
yay! recvd something from admin: 4
yay! recvd something from admin: 3
yay! recvd something from admin: 2
yay! recvd something from admin: 1
yay! recvd something from admin: 0
yay! recvd something from admin: 9
yay! recvd something from admin: 8
yay! recvd something from admin: 7
yay! recvd something from admin: 6
yay! recvd something from admin: 5
yay! recvd something from admin: 4
yay! recvd something from admin: 3
yay! recvd something from admin: 2
yay! recvd something from admin: 1
yay! recvd something from admin: 0
yay! recvd something from admin: 9
yay! recvd something from admin: 8
yay! recvd something from admin: 7
yay! recvd something from admin: 6
yay! recvd something from admin: 5
yay! recvd something from admin: 4
yay! recvd something from admin: 3
yay! recvd something from admin: 2
yay! recvd something from admin: 1
yay! recvd something from admin: 0
yay! recvd something from admin: 9
yay! recvd something from admin: 8
yay! recvd something from admin: 7
yay! recvd something from admin: 6
yay! recvd something from admin: 5
yay! recvd something from admin: 4
yay! recvd something from admin: 3
yay! recvd something from admin: 2
yay! recvd something from admin: 1
yay! recvd something from admin: 0
yay! recvd something from admin: 9
yay! recvd something from admin: 8
yay! recvd something from admin: 7
yay! recvd something from admin: 6
yay! recvd something from admin: 5
yay! recvd something from admin: 4
yay! recvd something from admin: 3
yay! recvd something from admin: 2
yay! recvd something from admin: 1
yay! recvd something from admin: 0
yay! recvd something from admin: 9
yay! recvd something from admin: 8
yay! recvd something from admin: 7
yay! recvd something from admin: 6
yay! recvd something from admin: 5
yay! recvd something from admin: 4
yay! recvd something from admin: 3
yay! recvd something from admin: 2
yay! recvd something from admin: 1
yay! recvd something from admin: 0
yay! recvd something from admin: 9
yay! recvd something from admin: 8
yay! recvd something from admin: 7
yay! recvd something from admin: 6
yay! recvd something from admin: 5
yay! recvd something from admin: 4
yay! recvd something from admin: 3
yay! recvd something from admin: 2
yay! recvd something from admin: 1
yay! recvd something from admin: 0
yay! recvd something from admin: 9
yay! recvd something from admin: 8
yay! recvd something from admin: 7
yay! recvd something from admin: 6
yay! recvd something from admin: 5
yay! recvd something from admin: 4
yay! recvd something from admin: 3
yay! recvd something from admin: 2
yay! recvd something from admin: 1
yay! recvd something from admin: 0
yay! recvd something from admin: 9
yay! recvd something from admin: 8
yay! recvd something from admin: 7
yay! recvd something from admin: 6
yay! recvd something from admin: 5
yay! recvd something from admin: 4
yay! recvd something from admin: 3
yay! recvd something from admin: 2
yay! recvd something from admin: 1
yay! recvd something from admin: 0
yay! recvd something from admin: 9
yay! recvd something from admin: 8
yay! recvd something from admin: 7
yay! recvd something from admin: 6
yay! recvd something from admin: 5
yay! recvd something from admin: 4
yay! recvd something from admin: 3
yay! recvd something from admin: 2
yay! recvd something from admin: 1
yay! recvd something from admin: 0
yay! recvd something from admin: 9
yay! recvd something from admin: 8
yay! recvd something from admin: 7
yay! recvd something from admin: 6
yay! recvd something from admin: 5
yay! recvd something from admin: 4
yay! recvd something from admin: 3
yay! recvd something from admin: 2
yay! recvd something from admin: 1
yay! recvd something from admin: 0
yay! recvd something from admin: 9
yay! recvd something from admin: 8
yay! recvd something from admin: 7
yay! recvd something from admin: 6
yay! recvd something from admin: 5
yay! recvd something from admin: 4
yay! recvd something from admin: 3
yay! recvd something from admin: 2
yay! recvd something from admin: 1
yay! recvd something from admin: 0
yay! recvd something from admin: 9
yay! recvd something from admin: 8
yay! recvd something from admin: 7
yay! recvd something from admin: 6
yay! recvd something from admin: 5
yay! recvd something from admin: 4
yay! recvd something from admin: 3
yay! recvd something from admin: 2
yay! recvd something from admin: 1
yay! recvd something from admin: 0
yay! recvd something from admin: 9
yay! recvd something from admin: 8
yay! recvd something from admin: 7
yay! recvd something from admin: 6
yay! recvd something from admin: 5
yay! recvd something from admin: 4
yay! recvd something from admin: 3
yay! recvd something from admin: 2
yay! recvd something from admin: 1
yay! recvd something from admin: 0
yay! recvd something from admin: 9
yay! recvd something from admin: 8
yay! recvd something from admin: 7
yay! recvd something from admin: 6
yay! recvd something from admin: 5
yay! recvd something from admin: 4
yay! recvd something from admin: 3
yay! recvd something from admin: 2
yay! recvd something from admin: 1
yay! recvd something from admin: 0
yay! recvd something from admin: 9
yay! recvd something from admin: 8
yay! recvd something from admin: 7
yay! recvd something from admin: 6
yay! recvd something from admin: 5
yay! recvd something from admin: 4
yay! recvd something from admin: 3
yay! recvd something from admin: 2
yay! recvd something from admin: 1
yay! recvd something from admin: 0
yay! recvd something from admin: 9
yay! recvd something from admin: 8
yay! recvd something from admin: 7
yay! recvd something from admin: 6
yay! recvd something from admin: 5
yay! recvd something from admin: 4
yay! recvd something from admin: 3
yay! recvd something from admin: 2
yay! recvd something from admin: 1
yay! recvd something from admin: 0
yay! recvd something from admin: 9
yay! recvd something from admin: 8
yay! recvd something from admin: 7
yay! recvd something from admin: 6
yay! recvd something from admin: 5
yay! recvd something from admin: 4
yay! recvd something from admin: 3
yay! recvd something from admin: 2
yay! recvd something from admin: 1
yay! recvd something from admin: 0
yay! recvd something from admin: 9
yay! recvd something from admin: 8
yay! recvd something from admin: 7
yay! recvd something from admin: 6
yay! recvd something from admin: 5
yay! recvd something from admin: 4
yay! recvd something from admin: 3
yay! recvd something from admin: 2
yay! recvd something from admin: 1
yay! recvd something from admin: 0
yay! recvd something from admin: 9
yay! recvd something from admin: 8
yay! recvd something from admin: 7
yay! recvd something from admin: 6
yay! recvd something from admin: 5
yay! recvd something from admin: 4
yay! recvd something from admin: 3
yay! recvd something from admin: 2
yay! recvd something from admin: 1
yay! recvd something from admin: 0
yay! recvd something from admin: 9
yay! recvd something from admin: 8
yay! recvd something from admin: 7
yay! recvd something from admin: 6
yay! recvd something from admin: 5
yay! recvd something from admin: 4
yay! recvd something from admin: 3
yay! recvd something from admin: 2
yay! recvd something from admin: 1
yay! recvd something from admin: 0
yay! recvd something from admin: 9
yay! recvd something from admin: 8
yay! recvd something from admin: 7
yay! recvd something from admin: 6
yay! recvd something from admin: 5
yay! recvd something from admin: 4
yay! recvd something from admin: 3
yay! recvd something from admin: 2
yay! recvd something from admin: 1
yay! recvd something from admin: 0
yay! recvd something from admin: 9
yay! recvd something from admin: 8
yay! recvd something from admin: 7
yay! recvd something from admin: 6
yay! recvd something from admin: 5
yay! recvd something from admin: 4
yay! recvd something from admin: 3
yay! recvd something from admin: 2
yay! recvd something from admin: 1
yay! recvd something from admin: 0
yay! recvd something from admin: 9
yay! recvd something from admin: 8
yay! recvd something from admin: 7
yay! recvd something from admin: 6
yay! recvd something from admin: 5
yay! recvd something from admin: 4
yay! recvd something from admin: 3
yay! recvd something from admin: 2
yay! recvd something from admin: 1
yay! recvd something from admin: 0
yay! recvd something from admin: 9
yay! recvd something from admin: 8
yay! recvd something from admin: 7
yay! recvd something from admin: 6
yay! recvd something from admin: 5
yay! recvd something from admin: 4
yay! recvd something from admin: 3
yay! recvd something from admin: 2
yay! recvd something from admin: 1
yay! recvd something from admin: 0
yay! recvd something from admin: 9
yay! recvd something from admin: 8
yay! recvd something from admin: 7
yay! recvd something from admin: 6
yay! recvd something from admin: 5
yay! recvd something from admin: 4
yay! recvd something from admin: 3
yay! recvd something from admin: 2
yay! recvd something from admin: 1
yay! recvd something from admin: 0
yay! recvd something from admin: 9
yay! recvd something from admin: 8
yay! recvd something from admin: 7
yay! recvd something from admin: 6
yay! recvd something from admin: 5
yay! recvd something from admin: 4
yay! recvd something from admin: 3
yay! recvd something from admin: 2
yay! recvd something from admin: 1
yay! recvd something from admin: 0
yay! recvd something from admin: 9
yay! recvd something from admin: 8
yay! recvd something from admin: 7
yay! recvd something from admin: 6
yay! recvd something from admin: 5
yay! recvd something from admin: 4
yay! recvd something from admin: 3
yay! recvd something from admin: 2
yay! recvd something from admin: 1
yay! recvd something from admin: 0
yay! recvd something from admin: 9
yay! recvd something from admin: 8
yay! recvd something from admin: 7
yay! recvd something from admin: 6
yay! recvd something from admin: 5
yay! recvd something from admin: 4
yay! recvd something from admin: 3
yay! recvd something from admin: 2
yay! recvd something from admin: 1
yay! recvd something from admin: 0
yay! recvd something from admin: 9
yay! recvd something from admin: 8
yay! recvd something from admin: 7
yay! recvd something from admin: 6
yay! recvd something from admin: 5
yay! recvd something from admin: 4
yay! recvd something from admin: 3
yay! recvd something from admin: 2
yay! recvd something from admin: 1
yay! recvd something from admin: 0
yay! recvd something from admin: 9
yay! recvd something from admin: 8
yay! recvd something from admin: 7
yay! recvd something from admin: 6
yay! recvd something from admin: 5
yay! recvd something from admin: 4
yay! recvd something from admin: 3
yay! recvd something from admin: 2
yay! recvd something from admin: 1
yay! recvd something from admin: 0
yay! recvd something from admin: 9
yay! recvd something from admin: 8
yay! recvd something from admin: 7
yay! recvd something from admin: 6
yay! recvd something from admin: 5
yay! recvd something from admin: 4
yay! recvd something from admin: 3
yay! recvd something from admin: 2
yay! recvd something from admin: 1
yay! recvd something from admin: 0
yay! recvd something from admin: 9
yay! recvd something from admin: 8
yay! recvd something from admin: 7
yay! recvd something from admin: 6
yay! recvd something from admin: 5
yay! recvd something from admin: 4
yay! recvd something from admin: 3
yay! recvd something from admin: 2
yay! recvd something from admin: 1
yay! recvd something from admin: 0
yay! recvd something from admin: 9
yay! recvd something from admin: 8
yay! recvd something from admin: 7
yay! recvd something from admin: 6
yay! recvd something from admin: 5
yay! recvd something from admin: 4
yay! recvd something from admin: 3
yay! recvd something from admin: 2
yay! recvd something from admin: 1
yay! recvd something from admin: 0
yay! recvd something from admin: 9
yay! recvd something from admin: 8
yay! recvd something from admin: 7
yay! recvd something from admin: 6
yay! recvd something from admin: 5
yay! recvd something from admin: 4
yay! recvd something from admin: 3
yay! recvd something from admin: 2
yay! recvd something from admin: 1
yay! recvd something from admin: 0
yay! recvd something from admin: 9
yay! recvd something from admin: 8
yay! recvd something from admin: 7
yay! recvd something from admin: 6
yay! recvd something from admin: 5
yay! recvd something from admin: 4
yay! recvd something from admin: 3
yay! recvd something from admin: 2
yay! recvd something from admin: 1
yay! recvd something from admin: 0
yay! recvd something from admin: 9
yay! recvd something from admin: 8
yay! recvd something from admin: 7
yay! recvd something from admin: 6
yay! recvd something from admin: 5
yay! recvd something from admin: 4
yay! recvd something from admin: 3
yay! recvd something from admin: 2
yay! recvd something from admin: 1
yay! recvd something from admin: 0
yay! recvd something from admin: 9
yay! recvd something from admin: 8
yay! recvd something from admin: 7
yay! recvd something from admin: 6
yay! recvd something from admin: 5
yay! recvd something from admin: 4
yay! recvd something from admin: 3
yay! recvd something from admin: 2
yay! recvd something from admin: 1
yay! recvd something from admin: 0
yay! recvd something from admin: 9
yay! recvd something from admin: 8
yay! recvd something from admin: 7
yay! recvd something from admin: 6
yay! recvd something from admin: 5
yay! recvd something from admin: 4
yay! recvd something from admin: 3
yay! recvd something from admin: 2
yay! recvd something from admin: 1
yay! recvd something from admin: 0
yay! recvd something from admin: 9
yay! recvd something from admin: 8
yay! recvd something from admin: 7
yay! recvd something from admin: 6
yay! recvd something from admin: 5
yay! recvd something from admin: 4
yay! recvd something from admin: 3
yay! recvd something from admin: 2
yay! recvd something from admin: 1
yay! recvd something from admin: 0
yay! recvd something from admin: 9
yay! recvd something from admin: 8
yay! recvd something from admin: 7
yay! recvd something from admin: 6
yay! recvd something from admin: 5
yay! recvd something from admin: 4
yay! recvd something from admin: 3
yay! recvd something from admin: 2
yay! recvd something from admin: 1
yay! recvd something from admin: 0
yay! recvd something from admin: 9
yay! recvd something from admin: 8
yay! recvd something from admin: 7
yay! recvd something from admin: 6
yay! recvd something from admin: 5
yay! recvd something from admin: 4
yay! recvd something from admin: 3
yay! recvd something from admin: 2
yay! recvd something from admin: 1
yay! recvd something from admin: 0
yay! recvd something from admin: 9
yay! recvd something from admin: 8
yay! recvd something from admin: 7
yay! recvd something from admin: 6
yay! recvd something from admin: 5
yay! recvd something from admin: 4
yay! recvd something from admin: 3
yay! recvd something from admin: 2
yay! recvd something from admin: 1
yay! recvd something from admin: 0
yay! recvd something from admin: 9
yay! recvd something from admin: 8
yay! recvd something from admin: 7
yay! recvd something from admin: 6
yay! recvd something from admin: 5
yay! recvd something from admin: 4
yay! recvd something from admin: 3
yay! recvd something from admin: 2
yay! recvd something from admin: 1
yay! recvd something from admin: 0
yay! recvd something from admin: 9
yay! recvd something from admin: 8
yay! recvd something from admin: 7
yay! recvd something from admin: 6
yay! recvd something from admin: 5
yay! recvd something from admin: 4
yay! recvd something from admin: 3
yay! recvd something from admin: 2
yay! recvd something from admin: 1
yay! recvd something from admin: 0
yay! recvd something from admin: 9
yay! recvd something from admin: 8
yay! recvd something from admin: 7
yay! recvd something from admin: 6
yay! recvd something from admin: 5
yay! recvd something from admin: 4
yay! recvd something from admin: 3
yay! recvd something from admin: 2
yay! recvd something from admin: 1
yay! recvd something from admin: 0
yay! recvd something from admin: 9
yay! recvd something from admin: 8
yay! recvd something from admin: 7
yay! recvd something from admin: 6
yay! recvd something from admin: 5
yay! recvd something from admin: 4
yay! recvd something from admin: 3
yay! recvd something from admin: 2
yay! recvd something from admin: 1
yay! recvd something from admin: 0
yay! recvd something from admin: 9
yay! recvd something from admin: 8
yay! recvd something from admin: 7
yay! recvd something from admin: 6
yay! recvd something from admin: 5
yay! recvd something from admin: 4
yay! recvd something from admin: 3
yay! recvd something from admin: 2
yay! recvd something from admin: 1
yay! recvd something from admin: 0
yay! recvd something from admin: 9
yay! recvd something from admin: 8
yay! recvd something from admin: 7
yay! recvd something from admin: 6
yay! recvd something from admin: 5
yay! recvd something from admin: 4
yay! recvd something from admin: 3
yay! recvd something from admin: 2
yay! recvd something from admin: 1
