all threads started exec
connected to admin 10.250.3.10:10004
yay! recvd something from admin: 3
3. CPU medium task (double) complete
yay! recvd something from admin: 8
final load avg: 1.27
final degree: 30
final voltage: 12.02
8. IO medium task (write to file) complete
final load avg: 1.27
final degree: 30
final voltage: 12.02
yay! recvd something from admin: 5
5. CPU task (simple for loop) complete
final load avg: 1.27
final degree: 30
final voltage: 12.02
yay! recvd something from admin: 3
3. CPU medium task (double) complete
final load avg: 1.27
final degree: 30
final voltage: 12.02
yay! recvd something from admin: 2
2. CPU simple task (double) complete
final load avg: 1.27
final degree: 30
final voltage: 12.02
yay! recvd something from admin: 1
1. CPU complex task (double) complete
final load avg: 1.27
final degree: 30
final voltage: 12.02
yay! recvd something from admin: 0
10. IO simple task (write to file) complete
yay! recvd something from admin: 9
final load avg: 1.3
final degree: 32.5
final voltage: 12.02
9. IO complex task (write to file) complete
final load avg: 1.3
final degree: 32.5
final voltage: 12.02
yay! recvd something from admin: 8
8. IO medium task (write to file) complete
final load avg: 1.3
final degree: 32.5
final voltage: 12.02
yay! recvd something from admin: 7
yay! recvd something from admin: 6
yay! recvd something from admin: 5
yay! recvd something from admin: 4
yay! recvd something from admin: 3
yay! recvd something from admin: 2
yay! recvd something from admin: 1
yay! recvd something from admin: 0
yay! recvd something from admin: 9
yay! recvd something from admin: 8
yay! recvd something from admin: 7
yay! recvd something from admin: 6
yay! recvd something from admin: 5
yay! recvd something from admin: 4
yay! recvd something from admin: 3
yay! recvd something from admin: 2
yay! recvd something from admin: 1
yay! recvd something from admin: 0
yay! recvd something from admin: 9
yay! recvd something from admin: 8
yay! recvd something from admin: 7
yay! recvd something from admin: 6
yay! recvd something from admin: 5
yay! recvd something from admin: 4
yay! recvd something from admin: 3
yay! recvd something from admin: 2
yay! recvd something from admin: 1
yay! recvd something from admin: 0
yay! recvd something from admin: 9
yay! recvd something from admin: 8
yay! recvd something from admin: 7
yay! recvd something from admin: 6
yay! recvd something from admin: 5
yay! recvd something from admin: 4
yay! recvd something from admin: 3
yay! recvd something from admin: 2
yay! recvd something from admin: 1
yay! recvd something from admin: 0
yay! recvd something from admin: 9
yay! recvd something from admin: 8
yay! recvd something from admin: 7
yay! recvd something from admin: 6
yay! recvd something from admin: 5
yay! recvd something from admin: 4
7a. IO medium task (write to file) complete
7b. CPU complex task complete
final load avg: 1.2
final degree: 35
final voltage: 12.02
yay! recvd something from admin: 3
yay! recvd something from admin: 2
yay! recvd something from admin: 1
yay! recvd something from admin: 0
yay! recvd something from admin: 9
yay! recvd something from admin: 8
yay! recvd something from admin: 7
yay! recvd something from admin: 6
yay! recvd something from admin: 5
yay! recvd something from admin: 4
yay! recvd something from admin: 3
yay! recvd something from admin: 2
yay! recvd something from admin: 1
yay! recvd something from admin: 0
yay! recvd something from admin: 9
yay! recvd something from admin: 8
yay! recvd something from admin: 7
yay! recvd something from admin: 6
yay! recvd something from admin: 5
yay! recvd something from admin: 4
yay! recvd something from admin: 3
yay! recvd something from admin: 2
yay! recvd something from admin: 1
yay! recvd something from admin: 0
yay! recvd something from admin: 9
yay! recvd something from admin: 8
yay! recvd something from admin: 7
yay! recvd something from admin: 6
yay! recvd something from admin: 5
yay! recvd something from admin: 4
yay! recvd something from admin: 3
yay! recvd something from admin: 2
yay! recvd something from admin: 1
yay! recvd something from admin: 0
yay! recvd something from admin: 9
yay! recvd something from admin: 8
yay! recvd something from admin: 7
yay! recvd something from admin: 6
yay! recvd something from admin: 5
yay! recvd something from admin: 4
yay! recvd something from admin: 3
yay! recvd something from admin: 2
yay! recvd something from admin: 1
yay! recvd something from admin: 0
yay! recvd something from admin: 9
yay! recvd something from admin: 8
yay! recvd something from admin: 7
yay! recvd something from admin: 6
yay! recvd something from admin: 5
yay! recvd something from admin: 4
yay! recvd something from admin: 3
yay! recvd something from admin: 2
yay! recvd something from admin: 1
yay! recvd something from admin: 0
yay! recvd something from admin: 9
yay! recvd something from admin: 8
yay! recvd something from admin: 7
yay! recvd something from admin: 6
yay! recvd something from admin: 5
yay! recvd something from admin: 4
yay! recvd something from admin: 3
yay! recvd something from admin: 2
yay! recvd something from admin: 1
yay! recvd something from admin: 0
yay! recvd something from admin: 9
yay! recvd something from admin: 8
yay! recvd something from admin: 7
yay! recvd something from admin: 6
yay! recvd something from admin: 5
yay! recvd something from admin: 4
yay! recvd something from admin: 3
yay! recvd something from admin: 2
yay! recvd something from admin: 1
yay! recvd something from admin: 0
yay! recvd something from admin: 9
yay! recvd something from admin: 8
yay! recvd something from admin: 7
yay! recvd something from admin: 6
yay! recvd something from admin: 5
yay! recvd something from admin: 4
yay! recvd something from admin: 3
yay! recvd something from admin: 2
yay! recvd something from admin: 1
yay! recvd something from admin: 0
yay! recvd something from admin: 9
yay! recvd something from admin: 8
yay! recvd something from admin: 7
yay! recvd something from admin: 6
yay! recvd something from admin: 5
yay! recvd something from admin: 4
yay! recvd something from admin: 3
yay! recvd something from admin: 2
yay! recvd something from admin: 1
yay! recvd something from admin: 0
yay! recvd something from admin: 9
yay! recvd something from admin: 8
yay! recvd something from admin: 7
yay! recvd something from admin: 6
yay! recvd something from admin: 5
yay! recvd something from admin: 4
yay! recvd something from admin: 3
yay! recvd something from admin: 2
yay! recvd something from admin: 1
yay! recvd something from admin: 0
yay! recvd something from admin: 9
yay! recvd something from admin: 8
yay! recvd something from admin: 7
yay! recvd something from admin: 6
yay! recvd something from admin: 5
yay! recvd something from admin: 4
yay! recvd something from admin: 3
yay! recvd something from admin: 2
yay! recvd something from admin: 1
yay! recvd something from admin: 0
yay! recvd something from admin: 9
yay! recvd something from admin: 8
yay! recvd something from admin: 7
yay! recvd something from admin: 6
yay! recvd something from admin: 5
yay! recvd something from admin: 4
yay! recvd something from admin: 3
yay! recvd something from admin: 2
yay! recvd something from admin: 1
yay! recvd something from admin: 0
yay! recvd something from admin: 9
yay! recvd something from admin: 8
yay! recvd something from admin: 7
yay! recvd something from admin: 6
yay! recvd something from admin: 5
yay! recvd something from admin: 4
yay! recvd something from admin: 3
yay! recvd something from admin: 2
yay! recvd something from admin: 1
yay! recvd something from admin: 0
yay! recvd something from admin: 9
yay! recvd something from admin: 8
yay! recvd something from admin: 7
yay! recvd something from admin: 6
yay! recvd something from admin: 5
yay! recvd something from admin: 4
yay! recvd something from admin: 3
yay! recvd something from admin: 2
yay! recvd something from admin: 1
yay! recvd something from admin: 0
yay! recvd something from admin: 9
yay! recvd something from admin: 8
yay! recvd something from admin: 7
yay! recvd something from admin: 6
yay! recvd something from admin: 5
yay! recvd something from admin: 4
yay! recvd something from admin: 3
yay! recvd something from admin: 2
yay! recvd something from admin: 1
yay! recvd something from admin: 0
yay! recvd something from admin: 9
yay! recvd something from admin: 8
yay! recvd something from admin: 7
yay! recvd something from admin: 6
yay! recvd something from admin: 5
yay! recvd something from admin: 4
yay! recvd something from admin: 3
yay! recvd something from admin: 2
yay! recvd something from admin: 1
yay! recvd something from admin: 0
yay! recvd something from admin: 9
yay! recvd something from admin: 8
yay! recvd something from admin: 7
yay! recvd something from admin: 6
yay! recvd something from admin: 5
yay! recvd something from admin: 4
yay! recvd something from admin: 3
yay! recvd something from admin: 2
yay! recvd something from admin: 1
yay! recvd something from admin: 0
yay! recvd something from admin: 9
yay! recvd something from admin: 8
yay! recvd something from admin: 7
yay! recvd something from admin: 6
yay! recvd something from admin: 5
yay! recvd something from admin: 4
yay! recvd something from admin: 3
yay! recvd something from admin: 2
yay! recvd something from admin: 1
yay! recvd something from admin: 0
yay! recvd something from admin: 9
yay! recvd something from admin: 8
yay! recvd something from admin: 7
yay! recvd something from admin: 6
yay! recvd something from admin: 5
yay! recvd something from admin: 4
yay! recvd something from admin: 3
yay! recvd something from admin: 2
yay! recvd something from admin: 1
yay! recvd something from admin: 0
yay! recvd something from admin: 9
yay! recvd something from admin: 8
yay! recvd something from admin: 7
yay! recvd something from admin: 6
yay! recvd something from admin: 5
yay! recvd something from admin: 4
yay! recvd something from admin: 3
yay! recvd something from admin: 2
yay! recvd something from admin: 1
yay! recvd something from admin: 0
yay! recvd something from admin: 9
yay! recvd something from admin: 8
yay! recvd something from admin: 7
yay! recvd something from admin: 6
yay! recvd something from admin: 5
yay! recvd something from admin: 4
yay! recvd something from admin: 3
yay! recvd something from admin: 2
yay! recvd something from admin: 1
yay! recvd something from admin: 0
yay! recvd something from admin: 9
yay! recvd something from admin: 8
yay! recvd something from admin: 7
yay! recvd something from admin: 6
yay! recvd something from admin: 5
yay! recvd something from admin: 4
yay! recvd something from admin: 3
yay! recvd something from admin: 2
yay! recvd something from admin: 1
yay! recvd something from admin: 0
yay! recvd something from admin: 9
yay! recvd something from admin: 8
yay! recvd something from admin: 7
yay! recvd something from admin: 6
yay! recvd something from admin: 5
yay! recvd something from admin: 4
yay! recvd something from admin: 3
yay! recvd something from admin: 2
yay! recvd something from admin: 1
yay! recvd something from admin: 0
yay! recvd something from admin: 9
yay! recvd something from admin: 8
yay! recvd something from admin: 7
yay! recvd something from admin: 6
yay! recvd something from admin: 5
yay! recvd something from admin: 4
yay! recvd something from admin: 3
yay! recvd something from admin: 2
yay! recvd something from admin: 1
yay! recvd something from admin: 0
yay! recvd something from admin: 9
yay! recvd something from admin: 8
yay! recvd something from admin: 7
yay! recvd something from admin: 6
yay! recvd something from admin: 5
yay! recvd something from admin: 4
yay! recvd something from admin: 3
yay! recvd something from admin: 2
yay! recvd something from admin: 1
yay! recvd something from admin: 0
yay! recvd something from admin: 9
yay! recvd something from admin: 8
yay! recvd something from admin: 7
yay! recvd something from admin: 6
yay! recvd something from admin: 5
yay! recvd something from admin: 4
yay! recvd something from admin: 3
yay! recvd something from admin: 2
yay! recvd something from admin: 1
yay! recvd something from admin: 0
yay! recvd something from admin: 9
yay! recvd something from admin: 8
yay! recvd something from admin: 7
yay! recvd something from admin: 6
yay! recvd something from admin: 5
yay! recvd something from admin: 4
yay! recvd something from admin: 3
yay! recvd something from admin: 2
yay! recvd something from admin: 1
yay! recvd something from admin: 0
yay! recvd something from admin: 9
yay! recvd something from admin: 8
yay! recvd something from admin: 7
yay! recvd something from admin: 6
yay! recvd something from admin: 5
yay! recvd something from admin: 4
yay! recvd something from admin: 3
yay! recvd something from admin: 2
yay! recvd something from admin: 1
yay! recvd something from admin: 0
yay! recvd something from admin: 9
yay! recvd something from admin: 8
yay! recvd something from admin: 7
yay! recvd something from admin: 6
yay! recvd something from admin: 5
yay! recvd something from admin: 4
yay! recvd something from admin: 3
yay! recvd something from admin: 2
yay! recvd something from admin: 1
yay! recvd something from admin: 0
yay! recvd something from admin: 9
yay! recvd something from admin: 8
yay! recvd something from admin: 7
yay! recvd something from admin: 6
yay! recvd something from admin: 5
yay! recvd something from admin: 4
yay! recvd something from admin: 3
yay! recvd something from admin: 2
yay! recvd something from admin: 1
yay! recvd something from admin: 0
yay! recvd something from admin: 9
yay! recvd something from admin: 8
yay! recvd something from admin: 7
yay! recvd something from admin: 6
yay! recvd something from admin: 5
yay! recvd something from admin: 4
yay! recvd something from admin: 3
yay! recvd something from admin: 2
yay! recvd something from admin: 1
yay! recvd something from admin: 0
yay! recvd something from admin: 9
yay! recvd something from admin: 8
yay! recvd something from admin: 7
yay! recvd something from admin: 6
yay! recvd something from admin: 5
yay! recvd something from admin: 4
yay! recvd something from admin: 3
yay! recvd something from admin: 2
yay! recvd something from admin: 1
yay! recvd something from admin: 0
yay! recvd something from admin: 9
yay! recvd something from admin: 8
yay! recvd something from admin: 7
yay! recvd something from admin: 6
yay! recvd something from admin: 5
yay! recvd something from admin: 4
yay! recvd something from admin: 3
yay! recvd something from admin: 2
yay! recvd something from admin: 1
yay! recvd something from admin: 0
yay! recvd something from admin: 9
yay! recvd something from admin: 8
yay! recvd something from admin: 7
yay! recvd something from admin: 6
yay! recvd something from admin: 5
yay! recvd something from admin: 4
yay! recvd something from admin: 3
yay! recvd something from admin: 2
yay! recvd something from admin: 1
yay! recvd something from admin: 0
yay! recvd something from admin: 9
yay! recvd something from admin: 8
yay! recvd something from admin: 7
yay! recvd something from admin: 6
yay! recvd something from admin: 5
yay! recvd something from admin: 4
yay! recvd something from admin: 3
yay! recvd something from admin: 2
yay! recvd something from admin: 1
yay! recvd something from admin: 0
yay! recvd something from admin: 9
yay! recvd something from admin: 8
yay! recvd something from admin: 7
yay! recvd something from admin: 6
yay! recvd something from admin: 5
yay! recvd something from admin: 4
yay! recvd something from admin: 3
yay! recvd something from admin: 2
yay! recvd something from admin: 1
yay! recvd something from admin: 0
yay! recvd something from admin: 9
yay! recvd something from admin: 8
yay! recvd something from admin: 7
yay! recvd something from admin: 6
yay! recvd something from admin: 5
yay! recvd something from admin: 4
yay! recvd something from admin: 3
yay! recvd something from admin: 2
yay! recvd something from admin: 1
yay! recvd something from admin: 0
yay! recvd something from admin: 9
yay! recvd something from admin: 8
yay! recvd something from admin: 7
yay! recvd something from admin: 6
yay! recvd something from admin: 5
yay! recvd something from admin: 4
yay! recvd something from admin: 3
yay! recvd something from admin: 2
yay! recvd something from admin: 1
yay! recvd something from admin: 0
yay! recvd something from admin: 9
yay! recvd something from admin: 8
yay! recvd something from admin: 7
yay! recvd something from admin: 6
yay! recvd something from admin: 5
yay! recvd something from admin: 4
yay! recvd something from admin: 3
yay! recvd something from admin: 2
yay! recvd something from admin: 1
yay! recvd something from admin: 0
yay! recvd something from admin: 9
yay! recvd something from admin: 8
yay! recvd something from admin: 7
yay! recvd something from admin: 6
yay! recvd something from admin: 5
yay! recvd something from admin: 4
yay! recvd something from admin: 3
yay! recvd something from admin: 2
yay! recvd something from admin: 1
yay! recvd something from admin: 0
yay! recvd something from admin: 9
yay! recvd something from admin: 8
yay! recvd something from admin: 7
yay! recvd something from admin: 6
yay! recvd something from admin: 5
yay! recvd something from admin: 4
yay! recvd something from admin: 3
yay! recvd something from admin: 2
yay! recvd something from admin: 1
yay! recvd something from admin: 0
yay! recvd something from admin: 9
yay! recvd something from admin: 8
yay! recvd something from admin: 7
yay! recvd something from admin: 6
yay! recvd something from admin: 5
yay! recvd something from admin: 4
yay! recvd something from admin: 3
yay! recvd something from admin: 2
yay! recvd something from admin: 1
yay! recvd something from admin: 0
yay! recvd something from admin: 9
yay! recvd something from admin: 8
yay! recvd something from admin: 7
yay! recvd something from admin: 6
yay! recvd something from admin: 5
yay! recvd something from admin: 4
yay! recvd something from admin: 3
yay! recvd something from admin: 2
yay! recvd something from admin: 1
yay! recvd something from admin: 0
yay! recvd something from admin: 9
yay! recvd something from admin: 8
yay! recvd something from admin: 7
yay! recvd something from admin: 6
yay! recvd something from admin: 5
yay! recvd something from admin: 4
yay! recvd something from admin: 3
yay! recvd something from admin: 2
yay! recvd something from admin: 1
yay! recvd something from admin: 0
yay! recvd something from admin: 9
yay! recvd something from admin: 8
yay! recvd something from admin: 7
yay! recvd something from admin: 6
yay! recvd something from admin: 5
yay! recvd something from admin: 4
yay! recvd something from admin: 3
yay! recvd something from admin: 2
yay! recvd something from admin: 1
yay! recvd something from admin: 0
yay! recvd something from admin: 9
yay! recvd something from admin: 8
yay! recvd something from admin: 7
yay! recvd something from admin: 6
yay! recvd something from admin: 5
yay! recvd something from admin: 4
yay! recvd something from admin: 3
yay! recvd something from admin: 2
yay! recvd something from admin: 1
yay! recvd something from admin: 0
yay! recvd something from admin: 9
yay! recvd something from admin: 8
yay! recvd something from admin: 7
yay! recvd something from admin: 6
yay! recvd something from admin: 5
yay! recvd something from admin: 4
yay! recvd something from admin: 3
yay! recvd something from admin: 2
yay! recvd something from admin: 1
yay! recvd something from admin: 0
yay! recvd something from admin: 9
yay! recvd something from admin: 8
yay! recvd something from admin: 7
yay! recvd something from admin: 6
yay! recvd something from admin: 5
yay! recvd something from admin: 4
yay! recvd something from admin: 3
yay! recvd something from admin: 2
yay! recvd something from admin: 1
yay! recvd something from admin: 0
yay! recvd something from admin: 9
yay! recvd something from admin: 8
yay! recvd something from admin: 7
yay! recvd something from admin: 6
yay! recvd something from admin: 5
yay! recvd something from admin: 4
yay! recvd something from admin: 3
yay! recvd something from admin: 2
yay! recvd something from admin: 1
yay! recvd something from admin: 0
yay! recvd something from admin: 9
yay! recvd something from admin: 8
yay! recvd something from admin: 7
yay! recvd something from admin: 6
yay! recvd something from admin: 5
yay! recvd something from admin: 4
yay! recvd something from admin: 3
yay! recvd something from admin: 2
