connected to admin 10.250.3.10:10006
all threads started exec
yay! recvd something from admin: 7
yay! recvd something from admin: 6
yay! recvd something from admin: 5
yay! recvd something from admin: 4
yay! recvd something from admin: 3
yay! recvd something from admin: 2
yay! recvd something from admin: 1
yay! recvd something from admin: 0
yay! recvd something from admin: 9
yay! recvd something from admin: 8
yay! recvd something from admin: 7
yay! recvd something from admin: 6
yay! recvd something from admin: 5
yay! recvd something from admin: 4
yay! recvd something from admin: 3
yay! recvd something from admin: 2
yay! recvd something from admin: 1
yay! recvd something from admin: 0
yay! recvd something from admin: 9
yay! recvd something from admin: 8
yay! recvd something from admin: 7
yay! recvd something from admin: 6
yay! recvd something from admin: 5
yay! recvd something from admin: 4
yay! recvd something from admin: 3
yay! recvd something from admin: 2
yay! recvd something from admin: 1
yay! recvd something from admin: 0
yay! recvd something from admin: 9
yay! recvd something from admin: 8
yay! recvd something from admin: 7
yay! recvd something from admin: 6
yay! recvd something from admin: 5
yay! recvd something from admin: 4
yay! recvd something from admin: 3
yay! recvd something from admin: 2
yay! recvd something from admin: 1
yay! recvd something from admin: 0
yay! recvd something from admin: 9
yay! recvd something from admin: 8
yay! recvd something from admin: 7
yay! recvd something from admin: 6
yay! recvd something from admin: 5
yay! recvd something from admin: 4
7a. IO medium task (write to file) complete
7b. CPU complex task complete
final load avg: 0.913333
final degree: 29
final voltage: 12.02
yay! recvd something from admin: 3
yay! recvd something from admin: 2
yay! recvd something from admin: 1
yay! recvd something from admin: 0
yay! recvd something from admin: 9
yay! recvd something from admin: 8
yay! recvd something from admin: 7
yay! recvd something from admin: 6
yay! recvd something from admin: 5
yay! recvd something from admin: 4
yay! recvd something from admin: 3
yay! recvd something from admin: 2
yay! recvd something from admin: 1
yay! recvd something from admin: 0
yay! recvd something from admin: 9
yay! recvd something from admin: 8
yay! recvd something from admin: 7
yay! recvd something from admin: 6
yay! recvd something from admin: 5
yay! recvd something from admin: 4
yay! recvd something from admin: 3
yay! recvd something from admin: 2
yay! recvd something from admin: 1
yay! recvd something from admin: 0
yay! recvd something from admin: 9
yay! recvd something from admin: 8
yay! recvd something from admin: 7
yay! recvd something from admin: 6
yay! recvd something from admin: 5
yay! recvd something from admin: 4
yay! recvd something from admin: 3
yay! recvd something from admin: 2
yay! recvd something from admin: 1
yay! recvd something from admin: 0
yay! recvd something from admin: 9
yay! recvd something from admin: 8
yay! recvd something from admin: 7
yay! recvd something from admin: 6
yay! recvd something from admin: 5
yay! recvd something from admin: 4
yay! recvd something from admin: 3
yay! recvd something from admin: 2
yay! recvd something from admin: 1
yay! recvd something from admin: 0
yay! recvd something from admin: 9
yay! recvd something from admin: 8
yay! recvd something from admin: 7
yay! recvd something from admin: 6
yay! recvd something from admin: 5
yay! recvd something from admin: 4
yay! recvd something from admin: 3
yay! recvd something from admin: 2
yay! recvd something from admin: 1
yay! recvd something from admin: 0
yay! recvd something from admin: 9
yay! recvd something from admin: 8
yay! recvd something from admin: 7
yay! recvd something from admin: 6
yay! recvd something from admin: 5
yay! recvd something from admin: 4
yay! recvd something from admin: 3
yay! recvd something from admin: 2
yay! recvd something from admin: 1
yay! recvd something from admin: 0
yay! recvd something from admin: 9
yay! recvd something from admin: 8
yay! recvd something from admin: 7
yay! recvd something from admin: 6
yay! recvd something from admin: 5
yay! recvd something from admin: 4
yay! recvd something from admin: 3
yay! recvd something from admin: 2
yay! recvd something from admin: 1
yay! recvd something from admin: 0
yay! recvd something from admin: 9
yay! recvd something from admin: 8
yay! recvd something from admin: 7
yay! recvd something from admin: 6
yay! recvd something from admin: 5
yay! recvd something from admin: 4
yay! recvd something from admin: 3
yay! recvd something from admin: 2
yay! recvd something from admin: 1
yay! recvd something from admin: 0
yay! recvd something from admin: 9
yay! recvd something from admin: 8
yay! recvd something from admin: 7
yay! recvd something from admin: 6
yay! recvd something from admin: 5
yay! recvd something from admin: 4
yay! recvd something from admin: 3
yay! recvd something from admin: 2
yay! recvd something from admin: 1
yay! recvd something from admin: 0
yay! recvd something from admin: 9
yay! recvd something from admin: 8
yay! recvd something from admin: 7
yay! recvd something from admin: 6
yay! recvd something from admin: 5
yay! recvd something from admin: 4
yay! recvd something from admin: 3
yay! recvd something from admin: 2
yay! recvd something from admin: 1
yay! recvd something from admin: 0
yay! recvd something from admin: 9
yay! recvd something from admin: 8
yay! recvd something from admin: 7
yay! recvd something from admin: 6
yay! recvd something from admin: 5
yay! recvd something from admin: 4
yay! recvd something from admin: 3
yay! recvd something from admin: 2
yay! recvd something from admin: 1
yay! recvd something from admin: 0
yay! recvd something from admin: 9
yay! recvd something from admin: 8
yay! recvd something from admin: 7
yay! recvd something from admin: 6
yay! recvd something from admin: 5
yay! recvd something from admin: 4
yay! recvd something from admin: 3
yay! recvd something from admin: 2
yay! recvd something from admin: 1
yay! recvd something from admin: 0
yay! recvd something from admin: 9
yay! recvd something from admin: 8
yay! recvd something from admin: 7
yay! recvd something from admin: 6
yay! recvd something from admin: 5
yay! recvd something from admin: 4
yay! recvd something from admin: 3
yay! recvd something from admin: 2
yay! recvd something from admin: 1
yay! recvd something from admin: 0
yay! recvd something from admin: 9
yay! recvd something from admin: 8
yay! recvd something from admin: 7
yay! recvd something from admin: 6
yay! recvd something from admin: 5
yay! recvd something from admin: 4
yay! recvd something from admin: 3
yay! recvd something from admin: 2
yay! recvd something from admin: 1
yay! recvd something from admin: 0
yay! recvd something from admin: 9
yay! recvd something from admin: 8
yay! recvd something from admin: 7
yay! recvd something from admin: 6
yay! recvd something from admin: 5
yay! recvd something from admin: 4
yay! recvd something from admin: 3
yay! recvd something from admin: 2
yay! recvd something from admin: 1
yay! recvd something from admin: 0
yay! recvd something from admin: 9
yay! recvd something from admin: 8
yay! recvd something from admin: 7
yay! recvd something from admin: 6
yay! recvd something from admin: 5
yay! recvd something from admin: 4
yay! recvd something from admin: 3
yay! recvd something from admin: 2
yay! recvd something from admin: 1
yay! recvd something from admin: 0
yay! recvd something from admin: 9
yay! recvd something from admin: 8
yay! recvd something from admin: 7
yay! recvd something from admin: 6
yay! recvd something from admin: 5
yay! recvd something from admin: 4
yay! recvd something from admin: 3
yay! recvd something from admin: 2
yay! recvd something from admin: 1
yay! recvd something from admin: 0
yay! recvd something from admin: 9
yay! recvd something from admin: 8
yay! recvd something from admin: 7
yay! recvd something from admin: 6
yay! recvd something from admin: 5
yay! recvd something from admin: 4
yay! recvd something from admin: 3
yay! recvd something from admin: 2
yay! recvd something from admin: 1
yay! recvd something from admin: 0
yay! recvd something from admin: 9
yay! recvd something from admin: 8
yay! recvd something from admin: 7
yay! recvd something from admin: 6
yay! recvd something from admin: 5
yay! recvd something from admin: 4
yay! recvd something from admin: 3
yay! recvd something from admin: 2
yay! recvd something from admin: 1
yay! recvd something from admin: 0
yay! recvd something from admin: 9
yay! recvd something from admin: 8
yay! recvd something from admin: 7
yay! recvd something from admin: 6
yay! recvd something from admin: 5
yay! recvd something from admin: 4
yay! recvd something from admin: 3
yay! recvd something from admin: 2
yay! recvd something from admin: 1
yay! recvd something from admin: 0
yay! recvd something from admin: 9
yay! recvd something from admin: 8
yay! recvd something from admin: 7
yay! recvd something from admin: 6
yay! recvd something from admin: 5
yay! recvd something from admin: 4
yay! recvd something from admin: 3
yay! recvd something from admin: 2
yay! recvd something from admin: 1
yay! recvd something from admin: 0
yay! recvd something from admin: 9
yay! recvd something from admin: 8
yay! recvd something from admin: 7
yay! recvd something from admin: 6
yay! recvd something from admin: 5
yay! recvd something from admin: 4
yay! recvd something from admin: 3
yay! recvd something from admin: 2
yay! recvd something from admin: 1
yay! recvd something from admin: 0
yay! recvd something from admin: 9
yay! recvd something from admin: 8
yay! recvd something from admin: 7
yay! recvd something from admin: 6
yay! recvd something from admin: 5
yay! recvd something from admin: 4
yay! recvd something from admin: 3
yay! recvd something from admin: 2
yay! recvd something from admin: 1
yay! recvd something from admin: 0
yay! recvd something from admin: 9
yay! recvd something from admin: 8
yay! recvd something from admin: 7
yay! recvd something from admin: 6
yay! recvd something from admin: 5
yay! recvd something from admin: 4
yay! recvd something from admin: 3
yay! recvd something from admin: 2
yay! recvd something from admin: 1
yay! recvd something from admin: 0
yay! recvd something from admin: 9
yay! recvd something from admin: 8
yay! recvd something from admin: 7
yay! recvd something from admin: 6
yay! recvd something from admin: 5
yay! recvd something from admin: 4
yay! recvd something from admin: 3
yay! recvd something from admin: 2
yay! recvd something from admin: 1
yay! recvd something from admin: 0
yay! recvd something from admin: 9
yay! recvd something from admin: 8
yay! recvd something from admin: 7
yay! recvd something from admin: 6
yay! recvd something from admin: 5
yay! recvd something from admin: 4
yay! recvd something from admin: 3
yay! recvd something from admin: 2
yay! recvd something from admin: 1
yay! recvd something from admin: 0
yay! recvd something from admin: 9
yay! recvd something from admin: 8
yay! recvd something from admin: 7
yay! recvd something from admin: 6
yay! recvd something from admin: 5
yay! recvd something from admin: 4
yay! recvd something from admin: 3
yay! recvd something from admin: 2
yay! recvd something from admin: 1
yay! recvd something from admin: 0
yay! recvd something from admin: 9
yay! recvd something from admin: 8
yay! recvd something from admin: 7
yay! recvd something from admin: 6
yay! recvd something from admin: 5
yay! recvd something from admin: 4
yay! recvd something from admin: 3
yay! recvd something from admin: 2
yay! recvd something from admin: 1
yay! recvd something from admin: 0
yay! recvd something from admin: 9
yay! recvd something from admin: 8
yay! recvd something from admin: 7
yay! recvd something from admin: 6
yay! recvd something from admin: 5
yay! recvd something from admin: 4
yay! recvd something from admin: 3
yay! recvd something from admin: 2
yay! recvd something from admin: 1
yay! recvd something from admin: 0
yay! recvd something from admin: 9
yay! recvd something from admin: 8
yay! recvd something from admin: 7
yay! recvd something from admin: 6
yay! recvd something from admin: 5
yay! recvd something from admin: 4
yay! recvd something from admin: 3
yay! recvd something from admin: 2
yay! recvd something from admin: 1
yay! recvd something from admin: 0
yay! recvd something from admin: 9
yay! recvd something from admin: 8
yay! recvd something from admin: 7
yay! recvd something from admin: 6
yay! recvd something from admin: 5
yay! recvd something from admin: 4
yay! recvd something from admin: 3
yay! recvd something from admin: 2
yay! recvd something from admin: 1
yay! recvd something from admin: 0
yay! recvd something from admin: 9
yay! recvd something from admin: 8
yay! recvd something from admin: 7
yay! recvd something from admin: 6
yay! recvd something from admin: 5
yay! recvd something from admin: 4
yay! recvd something from admin: 3
yay! recvd something from admin: 2
yay! recvd something from admin: 1
yay! recvd something from admin: 0
yay! recvd something from admin: 9
yay! recvd something from admin: 8
yay! recvd something from admin: 7
yay! recvd something from admin: 6
yay! recvd something from admin: 5
yay! recvd something from admin: 4
yay! recvd something from admin: 3
yay! recvd something from admin: 2
yay! recvd something from admin: 1
yay! recvd something from admin: 0
yay! recvd something from admin: 9
yay! recvd something from admin: 8
yay! recvd something from admin: 7
yay! recvd something from admin: 6
yay! recvd something from admin: 5
yay! recvd something from admin: 4
yay! recvd something from admin: 3
yay! recvd something from admin: 2
yay! recvd something from admin: 1
yay! recvd something from admin: 0
yay! recvd something from admin: 9
yay! recvd something from admin: 8
yay! recvd something from admin: 7
yay! recvd something from admin: 6
yay! recvd something from admin: 5
yay! recvd something from admin: 4
yay! recvd something from admin: 3
yay! recvd something from admin: 2
yay! recvd something from admin: 1
yay! recvd something from admin: 0
yay! recvd something from admin: 9
yay! recvd something from admin: 8
yay! recvd something from admin: 7
yay! recvd something from admin: 6
yay! recvd something from admin: 5
yay! recvd something from admin: 4
yay! recvd something from admin: 3
yay! recvd something from admin: 2
yay! recvd something from admin: 1
yay! recvd something from admin: 0
yay! recvd something from admin: 9
yay! recvd something from admin: 8
yay! recvd something from admin: 7
yay! recvd something from admin: 6
yay! recvd something from admin: 5
yay! recvd something from admin: 4
yay! recvd something from admin: 3
yay! recvd something from admin: 2
yay! recvd something from admin: 1
yay! recvd something from admin: 0
yay! recvd something from admin: 9
yay! recvd something from admin: 8
yay! recvd something from admin: 7
yay! recvd something from admin: 6
yay! recvd something from admin: 5
yay! recvd something from admin: 4
yay! recvd something from admin: 3
yay! recvd something from admin: 2
yay! recvd something from admin: 1
yay! recvd something from admin: 0
yay! recvd something from admin: 9
yay! recvd something from admin: 8
yay! recvd something from admin: 7
yay! recvd something from admin: 6
yay! recvd something from admin: 5
yay! recvd something from admin: 4
yay! recvd something from admin: 3
yay! recvd something from admin: 2
yay! recvd something from admin: 1
yay! recvd something from admin: 0
yay! recvd something from admin: 9
yay! recvd something from admin: 8
yay! recvd something from admin: 7
yay! recvd something from admin: 6
yay! recvd something from admin: 5
yay! recvd something from admin: 4
yay! recvd something from admin: 3
yay! recvd something from admin: 2
yay! recvd something from admin: 1
yay! recvd something from admin: 0
yay! recvd something from admin: 9
yay! recvd something from admin: 8
yay! recvd something from admin: 7
yay! recvd something from admin: 6
yay! recvd something from admin: 5
yay! recvd something from admin: 4
yay! recvd something from admin: 3
yay! recvd something from admin: 2
yay! recvd something from admin: 1
yay! recvd something from admin: 0
yay! recvd something from admin: 9
yay! recvd something from admin: 8
yay! recvd something from admin: 7
yay! recvd something from admin: 6
yay! recvd something from admin: 5
yay! recvd something from admin: 4
yay! recvd something from admin: 3
yay! recvd something from admin: 2
yay! recvd something from admin: 1
yay! recvd something from admin: 0
yay! recvd something from admin: 9
yay! recvd something from admin: 8
yay! recvd something from admin: 7
yay! recvd something from admin: 6
yay! recvd something from admin: 5
yay! recvd something from admin: 4
yay! recvd something from admin: 3
yay! recvd something from admin: 2
yay! recvd something from admin: 1
yay! recvd something from admin: 0
yay! recvd something from admin: 9
yay! recvd something from admin: 8
yay! recvd something from admin: 7
yay! recvd something from admin: 6
yay! recvd something from admin: 5
yay! recvd something from admin: 4
yay! recvd something from admin: 3
yay! recvd something from admin: 2
yay! recvd something from admin: 1
yay! recvd something from admin: 0
yay! recvd something from admin: 9
yay! recvd something from admin: 8
yay! recvd something from admin: 7
yay! recvd something from admin: 6
yay! recvd something from admin: 5
yay! recvd something from admin: 4
yay! recvd something from admin: 3
yay! recvd something from admin: 2
yay! recvd something from admin: 1
yay! recvd something from admin: 0
yay! recvd something from admin: 9
yay! recvd something from admin: 8
yay! recvd something from admin: 7
yay! recvd something from admin: 6
yay! recvd something from admin: 5
yay! recvd something from admin: 4
yay! recvd something from admin: 3
yay! recvd something from admin: 2
yay! recvd something from admin: 1
yay! recvd something from admin: 0
yay! recvd something from admin: 9
yay! recvd something from admin: 8
yay! recvd something from admin: 7
yay! recvd something from admin: 6
yay! recvd something from admin: 5
yay! recvd something from admin: 4
yay! recvd something from admin: 3
yay! recvd something from admin: 2
yay! recvd something from admin: 1
yay! recvd something from admin: 0
yay! recvd something from admin: 9
yay! recvd something from admin: 8
yay! recvd something from admin: 7
yay! recvd something from admin: 6
yay! recvd something from admin: 5
yay! recvd something from admin: 4
yay! recvd something from admin: 3
yay! recvd something from admin: 2
yay! recvd something from admin: 1
yay! recvd something from admin: 0
yay! recvd something from admin: 9
yay! recvd something from admin: 8
yay! recvd something from admin: 7
yay! recvd something from admin: 6
yay! recvd something from admin: 5
yay! recvd something from admin: 4
yay! recvd something from admin: 3
yay! recvd something from admin: 2
yay! recvd something from admin: 1
yay! recvd something from admin: 0
yay! recvd something from admin: 9
yay! recvd something from admin: 8
yay! recvd something from admin: 7
yay! recvd something from admin: 6
yay! recvd something from admin: 5
yay! recvd something from admin: 4
yay! recvd something from admin: 3
yay! recvd something from admin: 2
yay! recvd something from admin: 1
yay! recvd something from admin: 0
yay! recvd something from admin: 9
yay! recvd something from admin: 8
yay! recvd something from admin: 7
yay! recvd something from admin: 6
yay! recvd something from admin: 5
